0 info it worked if it ends with ok
1 verbose cli [ '/Users/ki-joong/.nvm/versions/node/v6.9.1/bin/node',
1 verbose cli   '/Users/ki-joong/.nvm/versions/node/v6.9.1/bin/npm',
1 verbose cli   'run',
1 verbose cli   'copy-jquery' ]
2 info using npm@3.10.8
3 info using node@v6.9.1
4 verbose run-script [ 'precopy-jquery', 'copy-jquery', 'postcopy-jquery' ]
5 info lifecycle 161107@1.0.0~precopy-jquery: 161107@1.0.0
6 silly lifecycle 161107@1.0.0~precopy-jquery: no script for precopy-jquery, continuing
7 info lifecycle 161107@1.0.0~copy-jquery: 161107@1.0.0
8 verbose lifecycle 161107@1.0.0~copy-jquery: unsafe-perm in lifecycle true
9 verbose lifecycle 161107@1.0.0~copy-jquery: PATH: /Users/ki-joong/.nvm/versions/node/v6.9.1/lib/node_modules/npm/bin/node-gyp-bin:/Users/ki-joong/Saver/homework/FDS-class/161107/node_modules/.bin:/Users/ki-joong/.nvm/versions/node/v6.9.1/bin:/usr/local/bin:/usr/bin:/bin:/usr/sbin:/sbin
10 verbose lifecycle 161107@1.0.0~copy-jquery: CWD: /Users/ki-joong/Saver/homework/FDS-class/161107
11 silly lifecycle 161107@1.0.0~copy-jquery: Args: [ '-c',
11 silly lifecycle   'mkdir lib && cp node_modules/jquery/min.js lib/jquery.min.js' ]
12 silly lifecycle 161107@1.0.0~copy-jquery: Returned: code: 1  signal: null
13 info lifecycle 161107@1.0.0~copy-jquery: Failed to exec copy-jquery script
14 verbose stack Error: 161107@1.0.0 copy-jquery: `mkdir lib && cp node_modules/jquery/min.js lib/jquery.min.js`
14 verbose stack Exit status 1
14 verbose stack     at EventEmitter.<anonymous> (/Users/ki-joong/.nvm/versions/node/v6.9.1/lib/node_modules/npm/lib/utils/lifecycle.js:255:16)
14 verbose stack     at emitTwo (events.js:106:13)
14 verbose stack     at EventEmitter.emit (events.js:191:7)
14 verbose stack     at ChildProcess.<anonymous> (/Users/ki-joong/.nvm/versions/node/v6.9.1/lib/node_modules/npm/lib/utils/spawn.js:40:14)
14 verbose stack     at emitTwo (events.js:106:13)
14 verbose stack     at ChildProcess.emit (events.js:191:7)
14 verbose stack     at maybeClose (internal/child_process.js:877:16)
14 verbose stack     at Process.ChildProcess._handle.onexit (internal/child_process.js:226:5)
15 verbose pkgid 161107@1.0.0
16 verbose cwd /Users/ki-joong/Saver/homework/FDS-class/161107
17 error Darwin 14.1.0
18 error argv "/Users/ki-joong/.nvm/versions/node/v6.9.1/bin/node" "/Users/ki-joong/.nvm/versions/node/v6.9.1/bin/npm" "run" "copy-jquery"
19 error node v6.9.1
20 error npm  v3.10.8
21 error code ELIFECYCLE
22 error 161107@1.0.0 copy-jquery: `mkdir lib && cp node_modules/jquery/min.js lib/jquery.min.js`
22 error Exit status 1
23 error Failed at the 161107@1.0.0 copy-jquery script 'mkdir lib && cp node_modules/jquery/min.js lib/jquery.min.js'.
23 error Make sure you have the latest version of node.js and npm installed.
23 error If you do, this is most likely a problem with the 161107 package,
23 error not with npm itself.
23 error Tell the author that this fails on your system:
23 error     mkdir lib && cp node_modules/jquery/min.js lib/jquery.min.js
23 error You can get information on how to open an issue for this project with:
23 error     npm bugs 161107
23 error Or if that isn't available, you can get their info via:
23 error     npm owner ls 161107
23 error There is likely additional logging output above.
24 verbose exit [ 1, true ]
